1630349127983	geckodriver	INFO	Listening on 127.0.0.1:60460
1630349131212	geckodriver	INFO	Listening on 127.0.0.1:60469
1630349134728	geckodriver	INFO	Listening on 127.0.0.1:60481
1630349328453	geckodriver	INFO	Listening on 127.0.0.1:62882
1630349619984	geckodriver	INFO	Listening on 127.0.0.1:58102
1630349623101	mozrunner::runner	INFO	Running command: "C:\\Program Files\\Mozilla Firefox\\firefox.exe" "--marionette" "-foreground" "-no-remote" "-profile" "C:\\Users\\khutula\\AppData\\Local\\Temp\\rust_mozprofile0YGDCl"
1630349628398	Marionette	INFO	Marionette enabled
console.warn: SearchSettings: "get: No settings file exists, new profile?" (new NotFoundError("Could not open the file at C:\\Users\\khutula\\AppData\\Local\\Temp\\rust_mozprofile0YGDCl\\search.json.mozlz4", (void 0)))
JavaScript error: , line 0: OperationError: Could not move temporary file(C:\Users\khutula\AppData\Local\Temp\rust_mozprofile0YGDCl\activity-stream.discovery_stream.json.tmp) to destination(C:\Users\khutula\AppData\Local\Temp\rust_mozprofile0YGDCl\activity-stream.discovery_stream.json)
1630349634983	Marionette	INFO	Listening on port 58110
1630349635405	RemoteAgent	WARN	TLS certificate errors will be ignored for this session
console.log: WebExtensions: reset-default-search: starting.
console.log: WebExtensions: reset-default-search: No addons in our list are installed.
1630350240542	Marionette	INFO	Stopped listening on port 58110
JavaScript error: resource:///modules/Interactions.jsm, line 209: NS_ERROR_FAILURE: Component returned failure code: 0x80004005 (NS_ERROR_FAILURE) [nsIUserIdleService.removeIdleObserver]
JavaScript error: , line 0: OperationError: Could not move temporary file(C:\Users\khutula\AppData\Local\Temp\rust_mozprofile0YGDCl\sessionCheckpoints.json.tmp) to destination(C:\Users\khutula\AppData\Local\Temp\rust_mozprofile0YGDCl\sessionCheckpoints.json)
JavaScript error: chrome://remote/content/marionette/cert.js, line 55: NS_ERROR_NOT_AVAILABLE: Component returned failure code: 0x80040111 (NS_ERROR_NOT_AVAILABLE) [nsICertOverrideService.setDisableAllSecurityChecksAndLetAttackersInterceptMyData]
WARNING: A blocker encountered an error while we were waiting.
          Blocker:  CrashMonitor: Writing notifications to file after receiving profile-before-change
          Phase: IOUtils: waiting for profileBeforeChange IO to complete
          State: (none)
WARNING: OperationError: Could not move temporary file(C:\Users\khutula\AppData\Local\Temp\rust_mozprofile0YGDCl\sessionCheckpoints.json.tmp) to destination(C:\Users\khutula\AppData\Local\Temp\rust_mozprofile0YGDCl\sessionCheckpoints.json)
WARNING: observe@resource://gre/modules/AsyncShutdown.jsm:575:16

JavaScript error: resource://gre/modules/AsyncShutdown.jsm, line 575: OperationError: Could not move temporary file(C:\Users\khutula\AppData\Local\Temp\rust_mozprofile0YGDCl\sessionCheckpoints.json.tmp) to destination(C:\Users\khutula\AppData\Local\Temp\rust_mozprofile0YGDCl\sessionCheckpoints.json)

###!!! [Parent][RunMessage] Error: Channel closing: too late to send/recv, messages will be lost

1630350272790	geckodriver	INFO	Listening on 127.0.0.1:60132
1630350275923	mozrunner::runner	INFO	Running command: "C:\\Program Files\\Mozilla Firefox\\firefox.exe" "--marionette" "-foreground" "-no-remote" "-profile" "C:\\Users\\khutula\\AppData\\Local\\Temp\\rust_mozprofilelnlPoY"
1630350277558	Marionette	INFO	Marionette enabled
console.warn: SearchSettings: "get: No settings file exists, new profile?" (new NotFoundError("Could not open the file at C:\\Users\\khutula\\AppData\\Local\\Temp\\rust_mozprofilelnlPoY\\search.json.mozlz4", (void 0)))
1630350283514	Marionette	INFO	Listening on port 60142
1630350283778	RemoteAgent	WARN	TLS certificate errors will be ignored for this session
console.error: services.settings: 
  main/doh-providers Signature failed  InvalidSignatureError: Invalid content signature (main/doh-providers)
console.error: services.settings: 
  main/doh-providers local data was corrupted
console.warn: services.settings: main/doh-providers Signature verified failed. Retry from scratch
console.error: services.settings: 
  main/doh-config Signature failed  InvalidSignatureError: Invalid content signature (main/doh-config)
console.error: services.settings: 
  main/doh-config local data was corrupted
console.warn: services.settings: main/doh-config Signature verified failed. Retry from scratch
console.log: WebExtensions: reset-default-search: starting.
console.log: WebExtensions: reset-default-search: No addons in our list are installed.
1630351317139	Marionette	INFO	Stopped listening on port 60142
JavaScript error: resource:///modules/Interactions.jsm, line 209: NS_ERROR_FAILURE: Component returned failure code: 0x80004005 (NS_ERROR_FAILURE) [nsIUserIdleService.removeIdleObserver]
JavaScript error: chrome://remote/content/marionette/cert.js, line 55: NS_ERROR_NOT_AVAILABLE: Component returned failure code: 0x80040111 (NS_ERROR_NOT_AVAILABLE) [nsICertOverrideService.setDisableAllSecurityChecksAndLetAttackersInterceptMyData]
JavaScript error: resource://gre/modules/AsyncShutdown.jsm, line 575: OperationError: Could not move temporary file(C:\Users\khutula\AppData\Local\Temp\rust_mozprofilelnlPoY\sessionCheckpoints.json.tmp) to destination(C:\Users\khutula\AppData\Local\Temp\rust_mozprofilelnlPoY\sessionCheckpoints.json)
JavaScript error: , line 0: OperationError: Could not move temporary file(C:\Users\khutula\AppData\Local\Temp\rust_mozprofilelnlPoY\sessionCheckpoints.json.tmp) to destination(C:\Users\khutula\AppData\Local\Temp\rust_mozprofilelnlPoY\sessionCheckpoints.json)
WARNING: A blocker encountered an error while we were waiting.
          Blocker:  CrashMonitor: Writing notifications to file after receiving profile-before-change
          Phase: IOUtils: waiting for profileBeforeChange IO to complete
          State: (none)
WARNING: OperationError: Could not move temporary file(C:\Users\khutula\AppData\Local\Temp\rust_mozprofilelnlPoY\sessionCheckpoints.json.tmp) to destination(C:\Users\khutula\AppData\Local\Temp\rust_mozprofilelnlPoY\sessionCheckpoints.json)
WARNING: observe@resource://gre/modules/AsyncShutdown.jsm:575:16

JavaScript error: resource://gre/modules/AsyncShutdown.jsm, line 575: OperationError: Could not move temporary file(C:\Users\khutula\AppData\Local\Temp\rust_mozprofilelnlPoY\sessionCheckpoints.json.tmp) to destination(C:\Users\khutula\AppData\Local\Temp\rust_mozprofilelnlPoY\sessionCheckpoints.json)
rofile2mObaw\sessionCheckpoints.json)
JavaScript error: , line 0: OperationError: Could not move temporary file(C:\Users\khutula\AppData\Local\Temp\rust_mozprofile2mObaw\sessionCheckpoints.json.tmp) to destination(C:\Users\khutula\AppData\Local\Temp\rust_mozprofile2mObaw\sessionCheckpoints.json)
JavaScript error: chrome://remote/content/marionette/cert.js, line 55: NS_ERROR_NOT_AVAILABLE: Component returned failure code: 0x80040111 (NS_ERROR_NOT_AVAILABLE) [nsICertOverrideService.setDisableAllSecurityChecksAndLetAttackersInterceptMyData]
WARNING: A blocker encountered an error while we were waiting.
          Blocker:  CrashMonitor: Writing notifications to file after receiving profile-before-change
          Phase: IOUtils: waiting for profileBeforeChange IO to complete
          State: (none)
WARNING: OperationError: Could not move temporary file(C:\Users\khutula\AppData\Local\Temp\rust_mozprofile2mObaw\sessionCheckpoints.json.tmp) to destination(C:\Users\khutula\AppData\Local\Temp\rust_mozprofile2mObaw\sessionCheckpoints.json)
WARNING: observe@resource://gre/modules/AsyncShutdown.jsm:575:16

JavaScript error: resource://gre/modules/AsyncShutdown.jsm, line 575: OperationError: Could not move temporary file(C:\Users\khutula\AppData\Local\Temp\rust_mozprofile2mObaw\sessionCheckpoints.json.tmp) to destination(C:\Users\khutula\AppData\Local\Temp\rust_mozprofile2mObaw\sessionCheckpoints.json)
JavaScript error: resource://gre/modules/AsyncShutdown.jsm, line 575: OperationError: Could not move temporary file(C:\Users\khutula\AppData\Local\Temp\rust_mozprofile2mObaw\sessionCheckpoints.json.tmp) to destination(C:\Users\khutula\AppData\Local\Temp\rust_mozprofile2mObaw\sessionCheckpoints.json)
1630351767956	geckodriver	INFO	Listening on 127.0.0.1:52480
1630351771056	mozrunner::runner	INFO	Running command: "C:\\Program Files\\Mozilla Firefox\\firefox.exe" "--marionette" "-foreground" "-no-remote" "-profile" "C:\\Users\\khutula\\AppData\\Local\\Temp\\rust_mozprofileOC786A"
1630351772434	Marionette	INFO	Marionette enabled
console.warn: SearchSettings: "get: No settings file exists, new profile?" (new NotFoundError("Could not open the file at C:\\Users\\khutula\\AppData\\Local\\Temp\\rust_mozprofileOC786A\\search.json.mozlz4", (void 0)))
JavaScript error: , line 0: OperationError: Could not move temporary file(C:\Users\khutula\AppData\Local\Temp\rust_mozprofileOC786A\activity-stream.discovery_stream.json.tmp) to destination(C:\Users\khutula\AppData\Local\Temp\rust_mozprofileOC786A\activity-stream.discovery_stream.json)
1630351777956	Marionette	INFO	Listening on port 52491
1630351778145	RemoteAgent	WARN	TLS certificate errors will be ignored for this session
1630351918373	Marionette	INFO	Stopped listening on port 52491
JavaScript error: resource:///modules/Interactions.jsm, line 209: NS_ERROR_FAILURE: Component returned failure code: 0x80004005 (NS_ERROR_FAILURE) [nsIUserIdleService.removeIdleObserver]
JavaScript error: , line 0: OperationError: Could not move temporary file(C:\Users\khutula\AppData\Local\Temp\rust_mozprofileOC786A\sessionCheckpoints.json.tmp) to destination(C:\Users\khutula\AppData\Local\Temp\rust_mozprofileOC786A\sessionCheckpoints.json)
JavaScript error: chrome://remote/content/marionette/cert.js, line 55: NS_ERROR_NOT_AVAILABLE: Component returned failure code: 0x80040111 (NS_ERROR_NOT_AVAILABLE) [nsICertOverrideService.setDisableAllSecurityChecksAndLetAttackersInterceptMyData]
1630351937949	geckodriver	INFO	Listening on 127.0.0.1:55447
1630351941034	mozrunner::runner	INFO	Running command: "C:\\Program Files\\Firefox\\firefox.exe" "--marionette" "-foreground" "-no-remote" "-profile" "C:\\Users\\khutula\\AppData\\Local\\Temp\\rust_mozprofileh3WXpm"
1630351942019	Marionette	INFO	Marionette enabled
console.warn: SearchSettings: "get: No settings file exists, new profile?" (new NotFoundError("Could not open the file at C:\\Users\\khutula\\AppData\\Local\\Temp\\rust_mozprofileh3WXpm\\search.json.mozlz4", (void 0)))
JavaScript error: , line 0: OperationError: Could not move temporary file(C:\Users\khutula\AppData\Local\Temp\rust_mozprofileh3WXpm\activity-stream.discovery_stream.json.tmp) to destination(C:\Users\khutula\AppData\Local\Temp\rust_mozprofileh3WXpm\activity-stream.discovery_stream.json)
1630351946444	Marionette	INFO	Listening on port 55455
JavaScript error: , line 0: OperationError: Could not move temporary file(C:\Users\khutula\AppData\Local\Temp\rust_mozprofileh3WXpm\activity-stream.discovery_stream.json.tmp) to destination(C:\Users\khutula\AppData\Local\Temp\rust_mozprofileh3WXpm\activity-stream.discovery_stream.json)
1630351947112	RemoteAgent	WARN	TLS certificate errors will be ignored for this session
1630352237416	Marionette	INFO	Stopped listening on port 55455
JavaScript error: resource:///modules/Interactions.jsm, line 209: NS_ERROR_FAILURE: Component returned failure code: 0x80004005 (NS_ERROR_FAILURE) [nsIUserIdleService.removeIdleObserver]
JavaScript error: , line 0: OperationError: Could not move temporary file(C:\Users\khutula\AppData\Local\Temp\rust_mozprofileh3WXpm\sessionCheckpoints.json.tmp) to destination(C:\Users\khutula\AppData\Local\Temp\rust_mozprofileh3WXpm\sessionCheckpoints.json)
JavaScript error: chrome://remote/content/marionette/cert.js, line 55: NS_ERROR_NOT_AVAILABLE: Component returned failure code: 0x80040111 (NS_ERROR_NOT_AVAILABLE) [nsICertOverrideService.setDisableAllSecurityChecksAndLetAttackersInterceptMyData]
JavaScript error: , line 0: OperationError: Could not move temporary file(C:\Users\khutula\AppData\Local\Temp\rust_mozprofileh3WXpm\sessionCheckpoints.json.tmp) to destination(C:\Users\khutula\AppData\Local\Temp\rust_mozprofileh3WXpm\sessionCheckpoints.json)
WARNING: A blocker encountered an error while we were waiting.
          Blocker:  CrashMonitor: Writing notifications to file after receiving profile-before-change
          Phase: IOUtils: waiting for profileBeforeChange IO to complete
          State: (none)
WARNING: OperationError: Could not move temporary file(C:\Users\khutula\AppData\Local\Temp\rust_mozprofileh3WXpm\sessionCheckpoints.json.tmp) to destination(C:\Users\khutula\AppData\Local\Temp\rust_mozprofileh3WXpm\sessionCheckpoints.json)
WARNING: observe@resource://gre/modules/AsyncShutdown.jsm:575:16

JavaScript error: resource://gre/modules/AsyncShutdown.jsm, line 575: OperationError: Could not move temporary file(C:\Users\khutula\AppData\Local\Temp\rust_mozprofileh3WXpm\sessionCheckpoints.json.tmp) to destination(C:\Users\khutula\AppData\Local\Temp\rust_mozprofileh3WXpm\sessionCheckpoints.json)
1630354602232	geckodriver	INFO	Listening on 127.0.0.1:57753
1630354605509	mozrunner::runner	INFO	Running command: "C:\\Program Files\\Mozilla Firefox\\firefox.exe" "--marionette" "-foreground" "-no-remote" "-profile" "C:\\Users\\khutula\\AppData\\Local\\Temp\\rust_mozprofileYNP7IP"
1630354607120	Marionette	INFO	Marionette enabled
JavaScript error: resource:///modules/BrowserGlue.jsm, line 1340: uncaught exception: undefined
console.warn: SearchSettings: "get: No settings file exists, new profile?" (new NotFoundError("Could not open the file at C:\\Users\\khutula\\AppData\\Local\\Temp\\rust_mozprofileYNP7IP\\search.json.mozlz4", (void 0)))
JavaScript error: , line 0: OperationError: Could not move temporary file(C:\Users\khutula\AppData\Local\Temp\rust_mozprofileYNP7IP\activity-stream.discovery_stream.json.tmp) to destination(C:\Users\khutula\AppData\Local\Temp\rust_mozprofileYNP7IP\activity-stream.discovery_stream.json)
1630354611194	Marionette	INFO	Listening on port 57761
1630354611442	RemoteAgent	WARN	TLS certificate errors will be ignored for this session

###!!! [Child][MessageChannel] Error: (msgtype=0x3900D3,name=PContent::Msg_ScriptErrorWithStack) Channel closing: too late to send/recv, messages will be lost

JavaScript error: , line 0: OperationError: Could not move temporary file(C:\Users\khutula\AppData\Local\Temp\rust_mozprofileYNP7IP\activity-stream.discovery_stream.json.tmp) to destination(C:\Users\khutula\AppData\Local\Temp\rust_mozprofileYNP7IP\activity-stream.discovery_stream.json)
1630354642194	Marionette	INFO	Stopped listening on port 57761
JavaScript error: resource:///modules/Interactions.jsm, line 209: NS_ERROR_FAILURE: Component returned failure code: 0x80004005 (NS_ERROR_FAILURE) [nsIUserIdleService.removeIdleObserver]
JavaScript error: , line 0: OperationError: Could not move temporary file(C:\Users\khutula\AppData\Local\Temp\rust_mozprofileYNP7IP\sessionCheckpoints.json.tmp) to destination(C:\Users\khutula\AppData\Local\Temp\rust_mozprofileYNP7IP\sessionCheckpoints.json)
JavaScript error: chrome://remote/content/marionette/cert.js, line 55: NS_ERROR_NOT_AVAILABLE: Component returned failure code: 0x80040111 (NS_ERROR_NOT_AVAILABLE) [nsICertOverrideService.setDisableAllSecurityChecksAndLetAttackersInterceptMyData]

###!!! [Parent][RunMessage] Error: Channel closing: too late to send/recv, messages will be lost

